Aug-21 10:47:08.575 [main] INFO  com.askimed.nf.test.App - nf-test 0.8.4
Aug-21 10:47:08.597 [main] INFO  com.askimed.nf.test.App - Arguments: [test, tests/main.nf.test, --profile, docker]
Aug-21 10:47:09.754 [main] INFO  com.askimed.nf.test.App - Nextflow Version: 24.04.4
Aug-21 10:47:09.758 [main] WARN  com.askimed.nf.test.commands.RunTestsCommand - No nf-test config file found.
Aug-21 10:47:09.759 [main] INFO  com.askimed.nf.test.commands.RunTestsCommand - Detected 1 test files.
Aug-21 10:47:10.462 [main] INFO  com.askimed.nf.test.config.FileStaging - Copy directory '/workspace/variantbenchmarking/bin' to '/workspace/variantbenchmarking/.nf-test/tests/bf2b50ea975fb31273e738e1ac12ece5/meta/bin'
Aug-21 10:47:10.468 [main] WARN  com.askimed.nf.test.config.FileStaging - File '/workspace/variantbenchmarking/lib' not found. Ignore it.
Aug-21 10:47:10.468 [main] INFO  com.askimed.nf.test.config.FileStaging - Copy directory '/workspace/variantbenchmarking/assets' to '/workspace/variantbenchmarking/.nf-test/tests/bf2b50ea975fb31273e738e1ac12ece5/meta/assets'
Aug-21 10:47:10.482 [main] INFO  com.askimed.nf.test.core.TestExecutionEngine - Started test plan
Aug-21 10:47:10.483 [main] INFO  com.askimed.nf.test.core.TestExecutionEngine - Running testsuite 'Test pipeline' from file '/workspace/variantbenchmarking/tests/main.nf.test'.
Aug-21 10:47:10.483 [main] INFO  com.askimed.nf.test.core.TestExecutionEngine - Run test 'bf2b50ea: Run with profile test'. type: com.askimed.nf.test.lang.pipeline.PipelineTest
Aug-21 10:50:58.838 [main] INFO  com.askimed.nf.test.core.TestExecutionEngine - Test 'bf2b50ea: Run with profile test' finished. status: FAILED
org.codehaus.groovy.runtime.powerassert.PowerAssertionError: 1 of 1 assertions failed
	at com.askimed.nf.test.lang.extensions.GlobalMethods.assertAll(GlobalMethods.java:48)
	at java.base/jdk.internal.reflect.NativeMethodAccessorImpl.invoke0(Native Method)
	at java.base/jdk.internal.reflect.NativeMethodAccessorImpl.invoke(NativeMethodAccessorImpl.java:77)
	at java.base/jdk.internal.reflect.DelegatingMethodAccessorImpl.invoke(DelegatingMethodAccessorImpl.java:43)
	at java.base/java.lang.reflect.Method.invoke(Method.java:568)
	at org.codehaus.groovy.reflection.CachedMethod.invoke(CachedMethod.java:107)
	at groovy.lang.MetaMethod.doMethodInvoke(MetaMethod.java:323)
	at org.codehaus.groovy.runtime.callsite.StaticMetaMethodSite.invoke(StaticMetaMethodSite.java:44)
	at org.codehaus.groovy.runtime.callsite.StaticMetaMethodSite.callStatic(StaticMetaMethodSite.java:100)
	at org.codehaus.groovy.runtime.callsite.CallSiteArray.defaultCallStatic(CallSiteArray.java:55)
	at org.codehaus.groovy.runtime.callsite.AbstractCallSite.callStatic(AbstractCallSite.java:217)
	at org.codehaus.groovy.runtime.callsite.AbstractCallSite.callStatic(AbstractCallSite.java:231)
	at main_nf$_run_closure1$_closure2$_closure4.doCall(main.nf.test:33)
	at main_nf$_run_closure1$_closure2$_closure4.doCall(main.nf.test)
	at java.base/jdk.internal.reflect.NativeMethodAccessorImpl.invoke0(Native Method)
	at java.base/jdk.internal.reflect.NativeMethodAccessorImpl.invoke(NativeMethodAccessorImpl.java:77)
	at java.base/jdk.internal.reflect.DelegatingMethodAccessorImpl.invoke(DelegatingMethodAccessorImpl.java:43)
	at java.base/java.lang.reflect.Method.invoke(Method.java:568)
	at org.codehaus.groovy.reflection.CachedMethod.invoke(CachedMethod.java:107)
	at groovy.lang.MetaMethod.doMethodInvoke(MetaMethod.java:323)
	at org.codehaus.groovy.runtime.metaclass.ClosureMetaClass.invokeMethod(ClosureMetaClass.java:274)
	at groovy.lang.MetaClassImpl.invokeMethod(MetaClassImpl.java:1030)
	at groovy.lang.Closure.call(Closure.java:427)
	at groovy.lang.Closure.call(Closure.java:406)
	at com.askimed.nf.test.lang.TestCode.execute(TestCode.java:16)
	at com.askimed.nf.test.lang.pipeline.PipelineTest.execute(PipelineTest.java:135)
	at com.askimed.nf.test.core.TestExecutionEngine.execute(TestExecutionEngine.java:214)
	at com.askimed.nf.test.commands.RunTestsCommand.execute(RunTestsCommand.java:184)
	at com.askimed.nf.test.commands.AbstractCommand.call(AbstractCommand.java:43)
	at com.askimed.nf.test.commands.AbstractCommand.call(AbstractCommand.java:18)
	at picocli.CommandLine.executeUserObject(CommandLine.java:1953)
	at picocli.CommandLine.access$1300(CommandLine.java:145)
	at picocli.CommandLine$RunLast.executeUserObjectOfLastSubcommandWithSameParent(CommandLine.java:2352)
	at picocli.CommandLine$RunLast.handle(CommandLine.java:2346)
	at picocli.CommandLine$RunLast.handle(CommandLine.java:2311)
	at picocli.CommandLine$AbstractParseResultHandler.execute(CommandLine.java:2179)
	at picocli.CommandLine.execute(CommandLine.java:2078)
	at com.askimed.nf.test.App.run(App.java:44)
	at com.askimed.nf.test.App.main(App.java:51)
Aug-21 10:50:58.842 [main] INFO  com.askimed.nf.test.core.TestExecutionEngine - Testsuite 'Test pipeline' finished. snapshot file: false, skipped tests: false, failed tests: true
Aug-21 10:50:58.842 [main] INFO  com.askimed.nf.test.core.TestExecutionEngine - Executed 1 tests. 1 tests failed. Done!
